[    0.000000] Initializing cgroup subsys cpuset
[    0.000000] Initializing cgroup subsys cpu
[    0.000000] Initializing cgroup subsys cpuacct
[    0.000000] Linux version 4.4.0-146-generic (buildd@lcy01-amd64-025) (gcc version 5.4.0 20160609 (Ubuntu 5.4.0-6ubuntu1~16.04.10) ) #172-Ubuntu SMP Wed Apr 3 09:00:08 UTC 2019 (Ubuntu 4.4.0-146.172-generic 4.4.177)
[    0.000000] Command line: BOOT_IMAGE=/boot/vmlinuz-4.4.0-146-generic root=LABEL=cloudimg-rootfs ro console=tty1 console=ttyS0
[    0.000000] KERNEL supported cpus:
[    0.000000]   Intel GenuineIntel
[    0.000000]   AMD AuthenticAMD
[    0.000000]   Centaur CentaurHauls
[    0.000000] x86/fpu: xstate_offset[2]:  576, xstate_sizes[2]:  256
[    0.000000] x86/fpu: Supporting XSAVE feature 0x01: 'x87 floating point registers'
[    0.000000] x86/fpu: Supporting XSAVE feature 0x02: 'SSE registers'
[    0.000000] x86/fpu: Supporting XSAVE feature 0x04: 'AVX registers'
[    0.000000] x86/fpu: Enabled xstate features 0x7, context size is 832 bytes, using 'standard' format.
[    0.000000] e820: BIOS-provided physical RAM map:
[    0.000000] BIOS-e820: [mem 0x0000000000000000-0x000000000009fbff] usable
[    0.000000] BIOS-e820: [mem 0x000000000009fc00-0x000000000009ffff] reserved
[    0.000000] BIOS-e820: [mem 0x00000000000f0000-0x00000000000fffff] reserved
[    0.000000] BIOS-e820: [mem 0x0000000000100000-0x000000003ffeffff] usable
[    0.000000] BIOS-e820: [mem 0x000000003fff0000-0x000000003fffffff] ACPI data
[    0.000000] BIOS-e820: [mem 0x00000000fec00000-0x00000000fec00fff] reserved
[    0.000000] BIOS-e820: [mem 0x00000000fee00000-0x00000000fee00fff] reserved
[    0.000000] BIOS-e820: [mem 0x00000000fffc0000-0x00000000ffffffff] reserved
[    0.000000] NX (Execute Disable) protection: active
[    0.000000] SMBIOS 2.5 present.
[    0.000000] Hypervisor detected: KVM
[    0.000000] e820: last_pfn = 0x3fff0 max_arch_pfn = 0x400000000
[    0.000000] MTRR: Disabled
[    0.000000] x86/PAT: MTRRs disabled, skipping PAT initialization too.
[    0.000000] CPU MTRRs all blank - virtualized system.
[    0.000000] x86/PAT: Configuration [0-7]: WB  WT  UC- UC  WB  WT  UC- UC  
[    0.000000] found SMP MP-table at [mem 0x0009fff0-0x0009ffff] mapped at [ffff88000009fff0]
[    0.000000] Scanning 1 areas for low memory corruption
[    0.000000] RAMDISK: [mem 0x362fa000-0x37174fff]
[    0.000000] ACPI: Early table checksum verification disabled
[    0.000000] ACPI: RSDP 0x00000000000E0000 000024 (v02 VBOX  )
[    0.000000] ACPI: XSDT 0x000000003FFF0030 00003C (v01 VBOX   VBOXXSDT 00000001 ASL  00000061)
[    0.000000] ACPI: FACP 0x000000003FFF00F0 0000F4 (v04 VBOX   VBOXFACP 00000001 ASL  00000061)
[    0.000000] ACPI: DSDT 0x000000003FFF0470 0022EA (v02 VBOX   VBOXBIOS 00000002 INTL 20100528)
[    0.000000] ACPI: FACS 0x000000003FFF0200 000040
[    0.000000] ACPI: FACS 0x000000003FFF0200 000040
[    0.000000] ACPI: APIC 0x000000003FFF0240 00005C (v02 VBOX   VBOXAPIC 00000001 ASL  00000061)
[    0.000000] ACPI: SSDT 0x000000003FFF02A0 0001CC (v01 VBOX   VBOXCPUT 00000002 INTL 20100528)
[    0.000000] No NUMA configuration found
[    0.000000] Faking a node at [mem 0x0000000000000000-0x000000003ffeffff]
[    0.000000] NODE_DATA(0) allocated [mem 0x3ffeb000-0x3ffeffff]
[    0.000000] kvm-clock: Using msrs 4b564d01 and 4b564d00
[    0.000000] kvm-clock: cpu 0, msr 0:3ffe3001, primary cpu clock
[    0.000000] kvm-clock: using sched offset of 8463246435 cycles
[    0.000000] clocksource: kvm-clock: mask: 0xffffffffffffffff max_cycles: 0x1cd42e4dffb, max_idle_ns: 881590591483 ns
[    0.000000] Zone ranges:
[    0.000000]   DMA      [mem 0x0000000000001000-0x0000000000ffffff]
[    0.000000]   DMA32    [mem 0x0000000001000000-0x000000003ffeffff]
[    0.000000]   Normal   empty
[    0.000000]   Device   empty
[    0.000000] Movable zone start for each node
[    0.000000] Early memory node ranges
[    0.000000]   node   0: [mem 0x0000000000001000-0x000000000009efff]
[    0.000000]   node   0: [mem 0x0000000000100000-0x000000003ffeffff]
[    0.000000] Initmem setup node 0 [mem 0x0000000000001000-0x000000003ffeffff]
[    0.000000] ACPI: PM-Timer IO Port: 0x4008
[    0.000000] IOAPIC[0]: apic_id 2, version 32, address 0xfec00000, GSI 0-23
[    0.000000] ACPI: INT_SRC_OVR (bus 0 bus_irq 0 global_irq 2 dfl dfl)
[    0.000000] ACPI: INT_SRC_OVR (bus 0 bus_irq 9 global_irq 9 low level)
[    0.000000] Using ACPI (MADT) for SMP configuration information
[    0.000000] smpboot: Allowing 2 CPUs, 0 hotplug CPUs
[    0.000000] PM: Registered nosave memory: [mem 0x00000000-0x00000fff]
[    0.000000] PM: Registered nosave memory: [mem 0x0009f000-0x0009ffff]
[    0.000000] PM: Registered nosave memory: [mem 0x000a0000-0x000effff]
[    0.000000] PM: Registered nosave memory: [mem 0x000f0000-0x000fffff]
[    0.000000] e820: [mem 0x40000000-0xfebfffff] available for PCI devices
[    0.000000] Booting paravirtualized kernel on KVM
[    0.000000] clocksource: refined-jiffies: mask: 0xffffffff max_cycles: 0xffffffff, max_idle_ns: 7645519600211568 ns
[    0.000000] setup_percpu: NR_CPUS:512 nr_cpumask_bits:512 nr_cpu_ids:2 nr_node_ids:1
[    0.000000] PERCPU: Embedded 34 pages/cpu @ffff88003fc00000 s99480 r8192 d31592 u1048576
[    0.000000] Built 1 zonelists in Node order, mobility grouping on.  Total pages: 257912
[    0.000000] Policy zone: DMA32
[    0.000000] Kernel command line: BOOT_IMAGE=/boot/vmlinuz-4.4.0-146-generic root=LABEL=cloudimg-rootfs ro console=tty1 console=ttyS0
[    0.000000] PID hash table entries: 4096 (order: 3, 32768 bytes)
[    0.000000] Memory: 997732K/1048120K available (8609K kernel code, 1334K rwdata, 4028K rodata, 1484K init, 1284K bss, 50388K reserved, 0K cma-reserved)
[    0.000000] SLUB: HWalign=64, Order=0-3, MinObjects=0, CPUs=2, Nodes=1
[    0.000000] Kernel/User page tables isolation: enabled
[    0.000000] Hierarchical RCU implementation.
[    0.000000] 	Build-time adjustment of leaf fanout to 64.
[    0.000000] 	RCU restricting CPUs from NR_CPUS=512 to nr_cpu_ids=2.
[    0.000000] RCU: Adjusting geometry for rcu_fanout_leaf=64, nr_cpu_ids=2
[    0.000000] NR_IRQS:33024 nr_irqs:440 16
[    0.000000] Console: colour VGA+ 80x25
[    0.000000] console [tty1] enabled
[    0.000000] console [ttyS0] enabled
[    0.000000] tsc: Detected 1600.000 MHz processor
[    0.245089] Calibrating delay loop (skipped) preset value.. 3200.00 BogoMIPS (lpj=6400000)
[    0.248276] pid_max: default: 32768 minimum: 301
[    0.250440] ACPI: Core revision 20150930
[    0.253224] ACPI: 2 ACPI AML tables successfully acquired and loaded
[    0.256081] Security Framework initialized
[    0.257692] Yama: becoming mindful.
[    0.259070] AppArmor: AppArmor initialized
[    0.260749] Dentry cache hash table entries: 131072 (order: 8, 1048576 bytes)
[    0.265471] Inode-cache hash table entries: 65536 (order: 7, 524288 bytes)
[    0.268529] Mount-cache hash table entries: 2048 (order: 2, 16384 bytes)
[    0.271548] Mountpoint-cache hash table entries: 2048 (order: 2, 16384 bytes)
[    0.274249] Initializing cgroup subsys io
[    0.275831] Initializing cgroup subsys memory
[    0.277457] Initializing cgroup subsys devices
[    0.279101] Initializing cgroup subsys freezer
[    0.280781] Initializing cgroup subsys net_cls
[    0.282430] Initializing cgroup subsys perf_event
[    0.284274] Initializing cgroup subsys net_prio
[    0.286119] Initializing cgroup subsys hugetlb
[    0.288122] Initializing cgroup subsys pids
[    0.290826] mce: CPU supports 0 MCE banks
[    0.292689] Last level iTLB entries: 4KB 64, 2MB 8, 4MB 8
[    0.294803] Last level dTLB entries: 4KB 64, 2MB 0, 4MB 0, 1GB 4
[    0.297244] Spectre V2 : Mitigation: Full generic retpoline
[    0.299290] Spectre V2 : Spectre v2 / SpectreRSB mitigation: Filling RSB on context switch
[    0.302446] Speculative Store Bypass: Vulnerable
[    0.307903] Freeing SMP alternatives memory: 36K
[    0.316709] ftrace: allocating 32287 entries in 127 pages
[    0.387066] smpboot: APIC(0) Converting physical 0 to logical package 0
[    0.389942] smpboot: Max logical packages: 1
[    0.392156] x2apic enabled
[    0.393555] Switched APIC routing to physical x2apic.
[    0.396903] ..TIMER: vector=0x30 apic1=0 pin1=2 apic2=-1 pin2=-1
[    0.503711] smpboot: CPU0: Intel(R) Core(TM) i5-5250U CPU @ 1.60GHz (family: 0x6, model: 0x3d, stepping: 0x4)
[    0.507928] Performance Events: unsupported p6 CPU model 61 no PMU driver, software events only.
[    0.523233] KVM setup paravirtual spinlock
[    0.525965] x86: Booting SMP configuration:
[    0.527777] .... node  #0, CPUs:      #1
[    0.529431] kvm-clock: cpu 1, msr 0:3ffe3041, secondary cpu clock
[    0.532922] mce: CPU supports 0 MCE banks
[    0.536513] x86: Booted up 1 node, 2 CPUs
[    0.538462] smpboot: Total of 2 processors activated (6400.00 BogoMIPS)
[    0.541532] devtmpfs: initialized
[    0.544591] evm: security.selinux
[    0.546154] evm: security.SMACK64
[    0.547492] evm: security.SMACK64EXEC
[    0.548944] evm: security.SMACK64TRANSMUTE
[    0.550503] evm: security.SMACK64MMAP
[    0.552017] evm: security.ima
[    0.553408] evm: security.capability
[    0.555370] clocksource: jiffies: mask: 0xffffffff max_cycles: 0xffffffff, max_idle_ns: 7645041785100000 ns
[    0.559008] futex hash table entries: 512 (order: 3, 32768 bytes)
[    0.561474] pinctrl core: initialized pinctrl subsystem
[    0.563566] RTC time: 13:30:04, date: 05/13/19
[    0.565511] NET: Registered protocol family 16
[    0.580120] cpuidle: using governor ladder
[    0.592566] cpuidle: using governor menu
[    0.594827] PCCT header not found.
[    0.596513] ACPI: bus type PCI registered
[    0.598046] acpiphp: ACPI Hot Plug PCI Controller Driver version: 0.5
[    0.600571] PCI: Using configuration type 1 for base access
[    0.618408] ACPI: Added _OSI(Module Device)
[    0.621632] ACPI: Added _OSI(Processor Device)
[    0.624996] ACPI: Added _OSI(3.0 _SCP Extensions)
[    0.627722] ACPI: Added _OSI(Processor Aggregator Device)
[    0.631453] ACPI: Executed 1 blocks of module-level executable AML code
[    0.637038] ACPI: Interpreter enabled
[    0.638509] ACPI: (supports S0 S5)
[    0.640131] ACPI: Using IOAPIC for interrupt routing
[    0.642203] PCI: Using host bridge windows from ACPI; if necessary, use "pci=nocrs" and report a bug
[    0.651962] ACPI: PCI Root Bridge [PCI0] (domain 0000 [bus 00-ff])
[    0.654462] acpi PNP0A03:00: _OSC: OS supports [ASPM ClockPM Segments MSI]
[    0.657409] acpi PNP0A03:00: _OSC: not requesting OS control; OS requires [ExtendedConfig ASPM ClockPM MSI]
[    0.661001] acpi PNP0A03:00: fail to add MMCONFIG information, can't access extended PCI configuration space under this bridge.
[    0.665871] PCI host bridge to bus 0000:00
[    0.667440] pci_bus 0000:00: root bus resource [io  0x0000-0x0cf7 window]
[    0.670456] pci_bus 0000:00: root bus resource [io  0x0d00-0xffff window]
[    0.673290] pci_bus 0000:00: root bus resource [mem 0x000a0000-0x000bffff window]
[    0.676591] pci_bus 0000:00: root bus resource [mem 0x40000000-0xfdffffff window]
[    0.679452] pci_bus 0000:00: root bus resource [bus 00-ff]
[    0.686212] pci 0000:00:01.1: legacy IDE quirk: reg 0x10: [io  0x01f0-0x01f7]
[    0.689146] pci 0000:00:01.1: legacy IDE quirk: reg 0x14: [io  0x03f6]
[    0.691531] pci 0000:00:01.1: legacy IDE quirk: reg 0x18: [io  0x0170-0x0177]
[    0.694139] pci 0000:00:01.1: legacy IDE quirk: reg 0x1c: [io  0x0376]
[    0.722915] pci 0000:00:07.0: quirk: [io  0x4000-0x403f] claimed by PIIX4 ACPI
[    0.726307] pci 0000:00:07.0: quirk: [io  0x4100-0x410f] claimed by PIIX4 SMB
[    0.758551] ACPI: PCI Interrupt Link [LNKA] (IRQs 5 9 10 *11)
[    0.761772] ACPI: PCI Interrupt Link [LNKB] (IRQs 5 9 *10 11)
[    0.764567] ACPI: PCI Interrupt Link [LNKC] (IRQs 5 *9 10 11)
[    0.767374] ACPI: PCI Interrupt Link [LNKD] (IRQs 5 9 10 *11)
[    0.770580] ACPI: Enabled 2 GPEs in block 00 to 07
[    0.772998] vgaarb: setting as boot device: PCI:0000:00:02.0
[    0.775459] vgaarb: device added: PCI:0000:00:02.0,decodes=io+mem,owns=io+mem,locks=none
[    0.778637] vgaarb: loaded
[    0.779900] vgaarb: bridge control possible 0000:00:02.0
[    0.782223] SCSI subsystem initialized
[    0.784236] ACPI: bus type USB registered
[    0.785865] usbcore: registered new interface driver usbfs
[    0.788028] usbcore: registered new interface driver hub
[    0.790003] usbcore: registered new device driver usb
[    0.792159] PCI: Using ACPI for IRQ routing
[    0.794329] NetLabel: Initializing
[    0.795807] NetLabel:  domain hash size = 128
[    0.797439] NetLabel:  protocols = UNLABELED CIPSOv4
[    0.801443] NetLabel:  unlabeled traffic allowed by default
[    0.804743] amd_nb: Cannot enumerate AMD northbridges
[    0.806963] clocksource: Switched to clocksource kvm-clock
[    0.819064] AppArmor: AppArmor Filesystem Enabled
[    0.821193] pnp: PnP ACPI init
[    0.824083] pnp: PnP ACPI: found 3 devices
[    0.835941] clocksource: acpi_pm: mask: 0xffffff max_cycles: 0xffffff, max_idle_ns: 2085701024 ns
[    0.840127] NET: Registered protocol family 2
[    0.842019] TCP established hash table entries: 8192 (order: 4, 65536 bytes)
[    0.844716] TCP bind hash table entries: 8192 (order: 5, 131072 bytes)
[    0.847279] TCP: Hash tables configured (established 8192 bind 8192)
[    0.849550] UDP hash table entries: 512 (order: 2, 16384 bytes)
[    0.851880] UDP-Lite hash table entries: 512 (order: 2, 16384 bytes)
[    0.854644] NET: Registered protocol family 1
[    0.856840] pci 0000:00:00.0: Limiting direct PCI/PCI transfers
[    0.859699] pci 0000:00:01.0: Activating ISA DMA hang workarounds
[    0.863284] Unpacking initramfs...
[    1.199046] Freeing initrd memory: 14828K
[    1.201177] RAPL PMU detected, API unit is 2^-32 Joules, 4 fixed counters 10737418240 ms ovfl timer
[    1.205825] hw unit of domain pp0-core 2^-0 Joules
[    1.207783] hw unit of domain package 2^-0 Joules
[    1.209562] hw unit of domain dram 2^-0 Joules
[    1.211269] hw unit of domain pp1-gpu 2^-0 Joules
[    1.213533] platform rtc_cmos: registered platform RTC device (no PNP device found)
[    1.216941] Scanning for low memory corruption every 60 seconds
[    1.219967] audit: initializing netlink subsys (disabled)
[    1.222038] audit: type=2000 audit(1557754214.453:1): initialized
[    1.224622] Initialise system trusted keyring
[    1.226583] HugeTLB registered 2 MB page size, pre-allocated 0 pages
[    1.230407] zbud: loaded
[    1.231982] VFS: Disk quotas dquot_6.6.0
[    1.233543] VFS: Dquot-cache hash table entries: 512 (order 0, 4096 bytes)
[    1.236937] squashfs: version 4.0 (2009/01/31) Phillip Lougher
[    1.239879] fuse init (API version 7.23)
[    1.241582] Key type big_key registered
[    1.243173] Allocating IMA MOK and blacklist keyrings.
[    1.247898] Key type asymmetric registered
[    1.249478] Asymmetric key parser 'x509' registered
[    1.251345] Block layer SCSI generic (bsg) driver version 0.4 loaded (major 249)
[    1.254393] io scheduler noop registered
[    1.256343] io scheduler deadline registered (default)
[    1.258834] io scheduler cfq registered
[    1.260595] pci_hotplug: PCI Hot Plug PCI Core version: 0.5
[    1.262692] pciehp: PCI Express Hot Plug Controller Driver version: 0.4
[    1.265517] ACPI: AC Adapter [AC] (on-line)
[    1.267165] input: Power Button as /devices/LNXSYSTM:00/LNXPWRBN:00/input/input0
[    1.270705] ACPI: Power Button [PWRF]
[    1.272698] input: Sleep Button as /devices/LNXSYSTM:00/LNXSLPBN:00/input/input1
[    1.276508] ACPI: Sleep Button [SLPF]
[    1.278286] GHES: HEST is not enabled!
[    1.279980] Serial: 8250/16550 driver, 32 ports, IRQ sharing enabled
[    1.280805] ACPI: Battery Slot [BAT0] (battery present)
[    1.305428] 00:02: ttyS0 at I/O 0x3f8 (irq = 4, base_baud = 115200) is a 16550A
[    1.309816] Linux agpgart interface v0.103
[    1.314162] loop: module loaded
[    1.316443] scsi host0: ata_piix
[    1.318364] scsi host1: ata_piix
[    1.319986] ata1: PATA max UDMA/33 cmd 0x1f0 ctl 0x3f6 bmdma 0xd000 irq 14
[    1.322471] ata2: PATA max UDMA/33 cmd 0x170 ctl 0x376 bmdma 0xd008 irq 15
[    1.326751] libphy: Fixed MDIO Bus: probed
[    1.328640] tun: Universal TUN/TAP device driver, 1.6
[    1.330814] tun: (C) 1999-2004 Max Krasnyansky <maxk@qualcomm.com>
[    1.333560] PPP generic driver version 2.4.2
[    1.336189] ehci_hcd: USB 2.0 'Enhanced' Host Controller (EHCI) Driver
[    1.338912] ehci-pci: EHCI PCI platform driver
[    1.341005] ehci-platform: EHCI generic platform driver
[    1.342926] ohci_hcd: USB 1.1 'Open' Host Controller (OHCI) Driver
[    1.345196] ohci-pci: OHCI PCI platform driver
[    1.346878] ohci-platform: OHCI generic platform driver
[    1.348854] uhci_hcd: USB Universal Host Controller Interface driver
[    1.351249] i8042: PNP: PS/2 Controller [PNP0303:PS2K,PNP0f03:PS2M] at 0x60,0x64 irq 1,12
[    1.355887] serio: i8042 KBD port at 0x60,0x64 irq 1
[    1.357778] serio: i8042 AUX port at 0x60,0x64 irq 12
[    1.359945] mousedev: PS/2 mouse device common for all mice
[    1.362750] rtc_cmos rtc_cmos: rtc core: registered rtc_cmos as rtc0
[    1.365401] input: AT Translated Set 2 keyboard as /devices/platform/i8042/serio0/input/input2
[    1.369770] rtc_cmos rtc_cmos: alarms up to one day, 114 bytes nvram
[    1.372951] i2c /dev entries driver
[    1.374565] device-mapper: uevent: version 1.0.3
[    1.376482] device-mapper: ioctl: 4.34.0-ioctl (2015-10-28) initialised: dm-devel@redhat.com
[    1.379948] ledtrig-cpu: registered to indicate activity on CPUs
[    1.382755] NET: Registered protocol family 10
[    1.385063] NET: Registered protocol family 17
[    1.386773] Key type dns_resolver registered
[    1.388735] registered taskstats version 1
[    1.390318] Loading compiled-in X.509 certificates
[    1.392850] Loaded X.509 cert 'Build time autogenerated kernel key: 4dcb2dc2c7cf43e0c20c44384f68683c20294489'
[    1.396553] zswap: loaded using pool lzo/zbud
[    1.400670] Key type trusted registered
[    1.406599] Key type encrypted registered
[    1.408646] AppArmor: AppArmor sha1 policy hashing enabled
[    1.410783] ima: No TPM chip found, activating TPM-bypass!
[    1.413006] ima: Allocated hash algorithm: sha1
[    1.414985] evm: HMAC attrs: 0x1
[    1.417065]   Magic number: 3:825:533
[    1.418630] tty ttyS13: hash matches
[    1.420814] rtc_cmos rtc_cmos: setting system clock to 2019-05-13 13:30:04 UTC (1557754204)
[    1.424452] BIOS EDD facility v0.16 2004-Jun-25, 0 devices found
[    1.426889] EDD information not available.
[    1.482556] Freeing unused kernel memory: 1484K
[    1.485265] Write protecting the kernel read-only data: 14336k
[    1.488339] Freeing unused kernel memory: 1620K
[    1.490319] Freeing unused kernel memory: 68K
Loading, please wait...
starting version 229
[    1.511237] random: systemd-udevd: uninitialized urandom read (16 bytes read, 3 bits of entropy available)
[    1.513321] random: udevadm: uninitialized urandom read (16 bytes read, 3 bits of entropy available)
[    1.513343] random: udevadm: uninitialized urandom read (16 bytes read, 3 bits of entropy available)
[    1.523837] random: udevadm: uninitialized urandom read (16 bytes read, 3 bits of entropy available)
[    1.523886] random: udevadm: uninitialized urandom read (16 bytes read, 3 bits of entropy available)
[    1.524029] random: udevadm: uninitialized urandom read (16 bytes read, 3 bits of entropy available)
[    1.524083] random: udevadm: uninitialized urandom read (16 bytes read, 3 bits of entropy available)
[    1.524135] random: udevadm: uninitialized urandom read (16 bytes read, 3 bits of entropy available)
[    1.524192] random: udevadm: uninitialized urandom read (16 bytes read, 3 bits of entropy available)
[    1.524243] random: udevadm: uninitialized urandom read (16 bytes read, 3 bits of entropy available)
[    1.582231] e1000: Intel(R) PRO/1000 Network Driver - version 7.3.21-k8-NAPI
[    1.600070] e1000: Copyright (c) 1999-2006 Intel Corporation.
[    1.625749] AVX2 version of gcm_enc/dec engaged.
[    1.627864] AES CTR mode by8 optimization enabled
[    1.635508] Fusion MPT base driver 3.04.20
[    1.637386] Copyright (c) 1999-2008 LSI Corporation
[    1.656131] Fusion MPT SPI Host driver 3.04.20
[    1.818449] input: ImExPS/2 Generic Explorer Mouse as /devices/platform/i8042/serio1/input/input4
[    2.103323] e1000 0000:00:03.0 eth0: (PCI:33MHz:32-bit) 02:3a:f4:24:e2:72
[    2.107830] e1000 0000:00:03.0 eth0: Intel(R) PRO/1000 Network Connection
[    2.115142] mptbase: ioc0: Initiating bringup
[    2.180101] ioc0: LSI53C1030 A0: Capabilities={Initiator}
[    2.211223] tsc: Refined TSC clocksource calibration: 1601.143 MHz
[    2.214711] clocksource: tsc: mask: 0xffffffffffffffff max_cycles: 0x17145c9f7f9, max_idle_ns: 440795223417 ns
[    2.353737] scsi host2: ioc0: LSI53C1030 A0, FwRev=00000000h, Ports=1, MaxQ=256, IRQ=20
[    2.467762] scsi 2:0:0:0: Direct-Access     VBOX     HARDDISK         1.0  PQ: 0 ANSI: 5
[    2.471674] scsi target2:0:0: Beginning Domain Validation
[    2.475226] scsi target2:0:0: Domain Validation skipping write tests
[    2.477483] scsi target2:0:0: Ending Domain Validation
[    2.479487] scsi target2:0:0: asynchronous
[    2.481608] scsi 2:0:1:0: Direct-Access     VBOX     HARDDISK         1.0  PQ: 0 ANSI: 5
[    2.495770] scsi target2:0:1: Beginning Domain Validation
[    2.499648] scsi target2:0:1: Domain Validation skipping write tests
[    2.505784] scsi target2:0:1: Ending Domain Validation
[    2.508961] scsi target2:0:1: asynchronous
[    2.528161] sd 2:0:0:0: Attached scsi generic sg0 type 0
[    2.530295] sd 2:0:0:0: [sda] 20971520 512-byte logical blocks: (10.7 GB/10.0 GiB)
[    2.534093] sd 2:0:1:0: [sdb] 20480 512-byte logical blocks: (10.5 MB/10.0 MiB)
[    2.537657] sd 2:0:1:0: Attached scsi generic sg1 type 0
[    2.541571] sd 2:0:1:0: [sdb] Write Protect is off
[    2.543575] sd 2:0:0:0: [sda] Write Protect is off
[    2.545777] sd 2:0:0:0: [sda] Incomplete mode parameter data
[    2.547971] sd 2:0:0:0: [sda] Assuming drive cache: write through
[    2.550358] sd 2:0:1:0: [sdb] Incomplete mode parameter data
[    2.552736] sd 2:0:1:0: [sdb] Assuming drive cache: write through
[    2.560741]  sda: sda1
[    2.563074] sd 2:0:0:0: [sda] Attached SCSI disk
[    2.566383] sd 2:0:1:0: [sdb] Attached SCSI disk
[    2.956202] e1000 0000:00:08.0 eth1: (PCI:33MHz:32-bit) 08:00:27:0e:8f:07
[    2.958858] e1000 0000:00:08.0 eth1: Intel(R) PRO/1000 Network Connection
[    2.962412] e1000 0000:00:08.0 enp0s8: renamed from eth1
[    2.977608] e1000 0000:00:03.0 enp0s3: renamed from eth0
Begin: Loading essential drivers ... [    4.389168] md: linear personality registered for level -1
[    4.398523] md: multipath personality registered for level -4
[    4.408738] md: raid0 personality registered for level 0
[    4.423501] md: raid1 personality registered for level 1
[    4.503557] raid6: sse2x1   gen()  3345 MB/s
[    4.571147] raid6: sse2x1   xor()  5766 MB/s
[    4.639287] raid6: sse2x2   gen()  9641 MB/s
[    4.707184] raid6: sse2x2   xor()  6293 MB/s
[    4.775093] raid6: sse2x4   gen() 10698 MB/s
[    4.843317] raid6: sse2x4   xor()  7544 MB/s
[    4.911258] raid6: avx2x1   gen() 14284 MB/s
[    4.979184] raid6: avx2x2   gen() 16471 MB/s
[    5.047166] raid6: avx2x4   gen() 19010 MB/s
[    5.049063] raid6: using algorithm avx2x4 gen() 19010 MB/s
[    5.051496] raid6: using avx2x2 recovery algorithm
[    5.055943] xor: automatically using best checksumming function:
[    5.099004]    avx       : 42328.000 MB/sec
[    5.103034] async_tx: api initialized (async)
[    5.120335] md: raid6 personality registered for level 6
[    5.122683] md: raid5 personality registered for level 5
[    5.125829] md: raid4 personality registered for level 4
[    5.139189] md: raid10 personality registered for level 10
done.
Begin: Running /scripts/init-premount ... done.
Begin: Mounting root file system ... Begin: Running /scripts/local-top ... done.
Begin: Running /scripts/local-premount ... [    5.185939] Btrfs loaded
Scanning for Btrfs filesystems
done.
Warning: fsck not present, so skipping root file system
[    5.286747] EXT4-fs (sda1): mounted filesystem with ordered data mode. Opts: (null)
done.
Begin: Running /scripts/local-bottom ... done.
Begin: Running /scripts/init-bottom ... done.
[    5.686776] systemd[1]: systemd 229 running in system mode. (+PAM +AUDIT +SELINUX +IMA +APPARMOR +SMACK +SYSVINIT +UTMP +LIBCRYPTSETUP +GCRYPT +GNUTLS +ACL +XZ -LZ4 +SECCOMP +BLKID +ELFUTILS +KMOD -IDN)
[    5.694542] systemd[1]: Detected virtualization oracle.
[    5.697248] systemd[1]: Detected architecture x86-64.

Welcome to [1mUbuntu 16.04.6 LTS[0m!

[    5.709905] systemd[1]: Set hostname to <ubuntu-xenial>.
[    6.504205] systemd[1]: Listening on /dev/initctl Compatibility Named Pipe.
[[0;32m  OK  [0m] Listening on /dev/initctl Compatibility Named Pipe.
[    6.510446] systemd[1]: Set up automount Arbitrary Executable File Formats File System Automount Point.
[[0;32m  OK  [0m] Set up automount Arbitrary Executab...ats File System Automount Point.
[    6.517378] systemd[1]: Listening on Syslog Socket.
[[0;32m  OK  [0m] Listening on Syslog Socket.
[    6.521111] systemd[1]: Listening on Journal Socket (/dev/log).
[[0;32m  OK  [0m] Listening on Journal Socket (/dev/log).
[    6.526155] systemd[1]: Listening on Device-mapper event daemon FIFOs.
[[0;32m  OK  [0m] Listening on Device-mapper event daemon FIFOs.
[    6.530947] systemd[1]: Listening on udev Kernel Socket.
[[0;32m  OK  [0m] Listening on udev Kernel Socket.
[    6.535285] systemd[1]: Started Trigger resolvconf update for networkd DNS.
[[0;32m  OK  [0m] Started Trigger resolvconf update for networkd DNS.
[    6.541261] systemd[1]: Created slice User and Session Slice.
[[0;32m  OK  [0m] Created slice User and Session Slice.
[    6.545522] systemd[1]: Reached target User and Group Name Lookups.
[[0;32m  OK  [0m] Reached target User and Group Name Lookups.
[    6.550500] systemd[1]: Listening on LVM2 metadata daemon socket.
[[0;32m  OK  [0m] Listening on LVM2 metadata daemon socket.
[    6.555768] systemd[1]: Listening on udev Control Socket.
[[0;32m  OK  [0m] Listening on udev Control Socket.
[    6.560341] systemd[1]: Started Forward Password Requests to Wall Directory Watch.
[[0;32m  OK  [0m] Started Forward Password Requests to Wall Directory Watch.
[    6.566562] systemd[1]: Reached target System Time Synchronized.
[[0;32m  OK  [0m] Reached target System Time Synchronized.
[    6.571660] systemd[1]: Reached target Swap.
[[0;32m  OK  [0m] Reached target Swap.
[    6.575599] systemd[1]: Created slice System Slice.
[[0;32m  OK  [0m] Created slice System Slice.
[    6.579440] systemd[1]: Reached target Slices.
[[0;32m  OK  [0m] Reached target Slices.
[    6.582950] systemd[1]: Listening on LVM2 poll daemon socket.
[[0;32m  OK  [0m] Listening on LVM2 poll daemon socket.
[    6.587853] systemd[1]: Listening on Journal Socket.
[[0;32m  OK  [0m] Listening on Journal Socket.
[    6.603789] systemd[1]: Starting Remount Root and Kernel File Systems...
         Starting Remount Root and Kernel File Systems...
[    6.611188] systemd[1]: Starting Uncomplicated firewall...
         Starting Uncomplicated firewall...
[    6.625346] systemd[1]: Starting Load Kernel Modules...
         Starting Load Kernel Modules...
[    6.630659] systemd[1]: Starting Create list of required static device nodes for the current kernel...
         Starting Create list of required st... nodes for the current kernel...
[    6.643189] EXT4-fs (sda1): re-mounted. Opts: (null)
[    6.655203] systemd[1]: Starting Nameserver information manager...

    6.658348] Loading iSCSI transport class v2.0-870.
         Starting Nameserver information manager...
[    6.663257] systemd[1]: Mounting Debug File System...
         Mounting Debug File System...
[    6.667731] systemd[1]: Mounting Huge Pages File System...
         Mounting Huge Pages File System...
[    6.675240] systemd[1]: Mounting POSIX Message Queue File System...
         Mounting POSIX Message Queue File System...
[    6.684510] systemd[1]: Starting Set console keymap...
         Starting Set console keymap...
[    6.691966] systemd[1]: Starting Monitoring of LVM2 mirrors, snapshots etc. using dmeventd or progress polling...
[    6.700112] iscsi: registered transport (tcp)
         Starting Monitoring of LVM2 mirrors... dmeventd or progress polling...
[    6.715037] systemd[1]: Reached target Encrypted Volumes.
[[0;32m  OK  [0m] Reached target Encrypted Volumes.
[    6.722197] systemd[1]: Listening on Journal Audit Socket.
[[0;32m  OK  [0m] Listening on Journal Audit Socket.
[    6.743540] systemd[1]: Starting Journal Service...
         Starting Journal Service...
[    6.750780] systemd[1]: Created slice system-serial\x2dgetty.slice.
[[0;32m  OK  [0m] Created slice system-serial\x2dgetty.slice.
[    6.775164] systemd[1]: Mounted POSIX Message Queue File System.
[[0;32m  OK  [0m] Mounted POSIX Message Queue File System.
[    6.791650] systemd[1]: Mounted Debug File System.
[[0;32m  OK  [0m] Mounted Debug File System.
[    6.797435] systemd[1]: Mounted Huge Pages File System.
[[0;32m  OK  [0m] Mounted Huge Pages File System.
[    6.808501] systemd[1]: Started Remount Root and Kernel File Systems.
[[0;32m  OK  [0m] Started Remount Root and Kernel File Systems.
[    6.824337] systemd[1]: Started Uncomplicated firewall.
[[0;32m  OK  [0m] Started Uncomplicated firewall.
[    6.836227] systemd[1]: Started Create list of required static device nodes for the current kernel.
[[0;32m  OK  [0m] Started Create list of required sta...ce nodes for the current kernel.
[    6.856557] iscsi: registered transport (iser)
[    6.865115] systemd[1]: Started Load Kernel Modules.
[[0;32m  OK  [0m] Started Load Kernel Modules.
[    6.878329] systemd[1]: Started Journal Service.
[[0;32m  OK  [0m] Started Journal Service.
[[0;32m  OK  [0m] Started Set console keymap.
[    6.904142] random: nonblocking pool is initialized
[[0;32m  OK  [0m] Started Nameserver information manager.
[[0;32m  OK  [0m] Started LVM2 metadata daemon.
         Starting Apply Kernel Variables...
         Mounting FUSE Control File System...
         Starting Create Static Device Nodes in /dev...
         Starting Flush Journal to Persistent Storage...
         Starting Load/Save Random Seed...
         Starting udev Coldplug all Devices...
[[0;32m  OK  [0m] Mounted FUSE Control File System.
[[0;32m  OK  [0m] Started Load/Save Random Seed.
[    7.033246] systemd-journald[398]: Received request to flush runtime journal from PID 1
[[0;32m  OK  [0m] Started Apply Kernel Variables.
[[0;32m  OK  [0m] Started Flush Journal to Persistent Storage.
[[0;32m  OK  [0m] Started Create Static Device Nodes in /dev.
         Starting udev Kernel Device Manager...
[[0;32m  OK  [0m] Started udev Coldplug all Devices.
[[0;32m  OK  [0m] Started udev Kernel Device Manager.
[[0;32m  OK  [0m] Started Dispatch Password Requests to Console Directory Watch.
[[0;32m  OK  [0m] Started Monitoring of LVM2 mirrors,...ng dmeventd or progress polling.
[[0;32m  OK  [0m] Reached target Local File Systems (Pre).
[[0;32m  OK  [0m] Reached target Local File Systems.
         Starting Tell Plymouth To Write Out Runtime Data...
         Starting Create Volatile Files and Directories...
         Starting LSB: AppArmor initialization...
         Starting Set console font and keymap...
         Starting Initial cloud-init job (pre-networking)...
[[0;32m  OK  [0m] Started Tell Plymouth To Write Out Runtime Data.
[[0;32m  OK  [0m] Started Create Volatile Files and Directories.
         Starting Update UTMP about System Boot/Shutdown...
[[0;32m  OK  [0m] Started Update UTMP about System Boot/Shutdown.
[[0;32m  OK  [0m] Found device /dev/ttyS0.
[[0;32m  OK  [0m] Listening on Load/Save RF Kill Switch Status /dev/rfkill Watch.
[[0;32m  OK  [0m] Started LSB: AppArmor initialization.
[[0;32m  OK  [0m] Found device 82540EM Gigabit Ethern...r (PRO/1000 MT Desktop Adapter).
[[0;32m  OK  [0m] Found device 82540EM Gigabit Ethern...r (PRO/1000 MT Desktop Adapter).
[    8.728326] cloud-init[484]: Cloud-init v. 18.5-45-g3554ffe8-0ubuntu1~16.04.1 running 'init-local' at Mon, 13 May 2019 13:30:11 +0000. Up 8.36 seconds.
[[0;32m  OK  [0m] Started Set console font and keymap.
[[0;32m  OK  [0m] Created slice system-getty.slice.
[[0;32m  OK  [0m] Started Initial cloud-init job (pre-networking).
[[0;32m  OK  [0m] Reached target Network (Pre).
         Starting Raise network interfaces...
[[0;32m  OK  [0m] Started ifup for enp0s8.
[[0;32m  OK  [0m] Started ifup for enp0s3.
[[0;32m  OK  [0m] Started Raise network interfaces.
         Starting Initial cloud-init job (metadata service crawler)...
[[0;32m  OK  [0m] Reached target Network.
[    9.840471] cloud-init[1066]: Cloud-init v. 18.5-45-g3554ffe8-0ubuntu1~16.04.1 running 'init' at Mon, 13 May 2019 13:30:12 +0000. Up 9.47 seconds.
[    9.845276] cloud-init[1066]: ci-info: ++++++++++++++++++++++++++++++++++++++Net device info+++++++++++++++++++++++++++++++++++++++
[    9.849551] cloud-init[1066]: ci-info: +--------+------+-----------------------------+---------------+--------+-------------------+
[    9.853624] cloud-init[1066]: ci-info: | Device |  Up  |           Address           |      Mask     | Scope  |     Hw-Address    |
[    9.857789] cloud-init[1066]: ci-info: +--------+------+-----------------------------+---------------+--------+-------------------+
[    9.861918] cloud-init[1066]: ci-info: | enp0s3 | True |          10.0.2.15          | 255.255.255.0 | global | 02:3a:f4:24:e2:72 |
[    9.866201] cloud-init[1066]: ci-info: | enp0s3 | True |  fe80::3a:f4ff:fe24:e272/64 |       .       |  link  | 02:3a:f4:24:e2:72 |
[    9.871885] cloud-init[1066]: ci-info: | enp0s8 | True |        192.168.10.100       | 255.255.255.0 | global | 08:00:27:0e:8f:07 |
[    9.877420] cloud-init[1066]: ci-info: | enp0s8 | True | fe80::a00:27ff:fe0e:8f07/64 |       .       |  link  | 08:00:27:0e:8f:07 |
[    9.882934] cloud-init[1066]: ci-info: |   lo   | True |          127.0.0.1          |   255.0.0.0   |  host  |         .         |
[    9.888394] cloud-init[1066]: ci-info: |   lo   | True |           ::1/128           |       .       |  host  |         .         |
[    9.893853] cloud-init[1066]: ci-info: +--------+------+-----------------------------+---------------+--------+-------------------+
[    9.899401] cloud-init[1066]: [[0;32m  OK  [0m] Started Initial cloud-init job (metadata service crawler).
[[0;32m  OK  [0m] Reached target System Initialization.
ci-info: ++++++++++++++++++++++++++++Route IPv4 info++++++++++++++++++++++++++++
[    9.907732] cloud-init[1066]: ci-info: +-------+--------------+----------+---------------+-----------+-------+
[[0;32m  OK  [0m] Started ACPI Events Check.
[    9.912331] [[0;32m  OK  [0m] Reached target Paths.
         Starting Socket activation for snappy daemon.
cloud-init[1066]: ci-info: | Route | Destination  | Gateway  |    Genmask    | Interface | Flags |[[0;32m  OK  [0m] Started Daily apt download activities.
[[0;32m  OK  [0m] Started Daily apt upgrade and clean activities.
[[0;32m  OK  [0m] Listening on UUID daemon activation socket.
[[0;32m  OK  [0m] Started Daily Cleanup of Temporary Directories.
[[0;32m  OK  [0m] Listening on ACPID Listen Socket.
[[0;32m  OK  [0m] Reached target Timers.

[    9.929471] cloud-init[1066]:          Starting LXD - unix socket.
[[0;32m  OK  [0m] Listening on D-Bus System Message Bus Socket.
[[0;32m  OK  [0m] Reached target Network is Online.
ci-info: +-------+--------------+----------+---------------+-----------+-------+
[    9.937700] cloud-init[1066]: ci-info: |   0   |   0.0.0.0    | 10.0.2.2 |    0.0.0.0    |   enp0s3  |   UG  |
[    9.941658] cloud-init[1066]: ci-info: |   1   |   10.0.2.0   | 0.0.0.0  | 255.255.255.0 |   enp0s3  |   U   |         Starting iSCSI initiator daemon (iscsid)...
[[0;32m  OK  [0m] Reached target Cloud-config availability.
[[0;32m  OK  [0m] Listening on Socket activation for snappy daemon.
[[0;32m  OK  [0m] Listening on LXD - unix socket.

[    9.951482] cloud-init[1066]: ci-info: |   2   | 192.168.10.0 | 0.0.0.0  | 255.255.255.0 |   enp0s8  |   U   |
[    9.955223] cloud-init[1066]: ci-info: +-------+--------------+----------+---------------+-----------+-------+
[    9.959327] cloud-init[1066]: ci-info: +++++++++++++++++++Route IPv6 info+++++++++++++++++++
[[0;32m  OK  [0m] Reached target Sockets.
[    9.963305] cloud-init[1066]: ci-info: +-------+-------------+---------+-----------+-------+
[[0;32m  OK  [0m] Reached target Basic System.
[    9.969181]          Starting LXD - container startup/shutdown...
         Starting /etc/rc.local Compatibility...
cloud-init[1066]: ci-info: | Route | Destination | Gateway | Interface | Flags |
[    9.976436] cloud-init[1066]: ci-info: +-------+-------------+---------+-----------+-------+         Starting Login Service...
         Starting Virtualbox guest utils...
[[0;32m  OK  [0m] Started FUSE filesystem for LXC.
         Starting Snappy daemon...
[[0;32m  OK  [0m] Started ACPI event daemon.
         Starting LSB: MD monitoring daemon...
[[0;32m  OK  [0m] Started Deferred execution scheduler.
[[0;32m  OK  [0m] Started D-Bus System Message Bus.

[   10.014673] cloud-init[1066]: ci-info: |   0   |  fe80::/64  |    ::   |   enp0s8  |   U   |
[   10.025484] cloud-init[1066]: ci-info: |   1   |  fe80::/64  |    ::   |   enp0s3  |   U   |
[   10.029982] cloud-init[1066]: ci-info: |   4   |   ff00::/8  |    ::   |   enp0s8  |   U   |
[   10.036080] cloud-init[1066]: ci-info: |   5   |   ff00::/8  |    ::   |   enp0s3  |   U   |
[   10.042971] cloud-init[1066]: ci-info: +-------+-------------+---------+-----------+-------+
[[0;32m  OK  [0m] Started Regular background program processing daemon.
         Starting Accounts Service...
         Starting A high performance web server and a reverse proxy server...
         Starting System Logging Service...
[[0;32m  OK  [0m] Started Unattended Upgrades Shutdown.
         Starting LSB: Record successful boot for GRUB...
         Starting OpenBSD Secure Shell server...
[[0;32m  OK  [0m] Started /etc/rc.local Compatibility.
[[0;32m  OK  [0m] Started System Logging Service.
[[0;32m  OK  [0m] Started LXD - container startup/shutdown.
[[0;32m  OK  [0m] Started iSCSI initiator daemon (iscsid).
[[0;32m  OK  [0m] Started Snappy daemon.
[[0;32m  OK  [0m] Started LSB: MD monitoring daemon.
[[0;32m  OK  [0m] Started OpenBSD Secure Shell server.
[[0;32m  OK  [0m] Started Login Service.
         Starting Authenticate and Authorize Users to Run Privileged Tasks...
         Starting Wait until snapd is fully seeded...
         Starting Login to default iSCSI targets...
[[0;32m  OK  [0m] Started LSB: Record successful boot for GRUB.
[[0;32m  OK  [0m] Started A high performance web server and a reverse proxy server.
[[0;32m  OK  [0m] Started Virtualbox guest utils.
[[0;32m  OK  [0m] Started Authenticate and Authorize Users to Run Privileged Tasks.
[[0;32m  OK  [0m] Started Accounts Service.
[[0;32m  OK  [0m] Started Wait until snapd is fully seeded.
[[0;32m  OK  [0m] Started Login to default iSCSI targets.
[[0;32m  OK  [0m] Reached target Remote File Systems (Pre).
[[0;32m  OK  [0m] Reached target Remote File Systems.
         Starting LSB: daemon to balance interrupts for SMP systems...
         Starting LSB: automatic crash report generation...
         Starting Permit User Sessions...
         Starting LSB: Set the CPU Frequency Scaling governor to "ondemand"...
         Starting Apply the settings specified in cloud-config...
[[0;32m  OK  [0m] Started Permit User Sessions.
         Starting Terminate Plymouth Boot Screen...
         Starting Hold until boot process finishes up...
[[0;32m  OK  [0m] Started LSB: Set the CPU Frequency Scaling governor to "ondemand".
[[0;32m  OK  [0m] Started LSB: automatic crash report generation.
[[0;32m  OK  [0m] Started Hold until boot process finishes up.
[[0;32m  OK  [0m] Started Terminate Plymouth Boot Screen.
[[0;32m  OK  [0m] Started LSB: daemon to balance interrupts for SMP systems.
[[0;32m  OK  [0m] Started Getty on tty1.
         Starting Set console scheme...
[[0;32m  OK  [0m] Started Serial Getty on ttyS0.
[[0;32m  OK  [0m] Reached target Login Prompts.
[[0;32m  OK  [0m] Reached target Multi-User System.
[[0;32m  OK  [0m] Reached target Graphical Interface.
         Starting Update UTMP about System Runlevel Changes...
[[0;32m  OK  [0m] Started Set console scheme.
[[0;32m  OK  [0m] Started Update UTMP about System Runlevel Changes.
[   11.229716] cloud-init[1294]: Cloud-init v. 18.5-45-g3554ffe8-0ubuntu1~16.04.1 running 'modules:config' at Mon, 13 May 2019 13:30:14 +0000. Up 11.12 seconds.
[[0;32m  OK  [0m] Started Apply the settings specified in cloud-config.
         Starting Execute cloud user/final scripts...
[   11.785540] cloud-init[1340]: Cloud-init v. 18.5-45-g3554ffe8-0ubuntu1~16.04.1 running 'modules:final' at Mon, 13 May 2019 13:30:15 +0000. Up 11.68 seconds.
[   11.791097] cloud-init[1340]: Cloud-init v. 18.5-45-g3554ffe8-0ubuntu1~16.04.1 finished at Mon, 13 May 2019 13:30:15 +0000. Datasource DataSourceNoCloud [seed=/dev/sdb][dsmode=net].  Up 11.77 seconds
[[0;32m  OK  [0m] Started Execute cloud user/final scripts.
[[0;32m  OK  [0m] Reached target Cloud-init target.

Ubuntu 16.04.6 LTS ubuntu-xenial ttyS0

ubuntu-xenial login: [[0;32m  OK  [0m] Closed Load/Save RF Kill Switch Status /dev/rfkill Watch.
[[0;32m  OK  [0m] Stopped target Timers.
[[0;32m  OK  [0m] Stopped Daily apt upgrade and clean activities.
[[0;32m  OK  [0m] Stopped target Graphical Interface.
[[0;32m  OK  [0m] Stopped target Cloud-init target.
         Stopping Session 1 of user vagrant.
         Stopping User Manager for UID 1000...
         Stopping Accounts Service...
[[0;32m  OK  [0m] Stopped Daily apt download activities.
[[0;32m  OK  [0m] Stopped target System Time Synchronized.
[[0;32m  OK  [0m] Stopped Daily Cleanup of Temporary Directories.
         Stopping Authenticate and Authorize Users to Run Privileged Tasks...
         Stopping ACPI event daemon...
[[0;32m  OK  [0m] Stopped Execute cloud user/final scripts.
[[0;32m  OK  [0m] Stopped target Multi-User System.
         Stopping Virtualbox guest utils...
         Stopping LSB: daemon to balance interrupts for SMP systems...
         Stopping LSB: Record successful boot for GRUB...
[[0;32m  OK  [0m] Stopped target Login Prompts.
         Stopping Serial Getty on ttyS0...
         Stopping Getty on tty1...
         Stopping LXD - container startup/shutdown...
         Stopping OpenBSD Secure Shell server...
         Stopping Regular background program processing daemon...
         Stopping Deferred execution scheduler...
         Stopping LSB: Set the CPU Frequency Scaling governor to "ondemand"...
         Stopping D-Bus System Message Bus...
         Stopping System Logging Service...
         Stopping A high performance web server and a reverse proxy server...
         Stopping Unattended Upgrades Shutdown...
         Stopping LSB: automatic crash report generation...
         Stopping LSB: MD monitoring daemon...
         Stopping FUSE filesystem for LXC...
[[0;32m  OK  [0m] Stopped Apply the settings specified in cloud-config.
[[0;32m  OK  [0m] Stopped Wait until snapd is fully seeded.
[[0;32m  OK  [0m] Stopped target Cloud-config availability.
[[0;32m  OK  [0m] Unmounted /var/lib/lxcfs.
[[0;32m  OK  [0m] Stopped ACPI event daemon.
[[0;32m  OK  [0m] Stopped Deferred execution scheduler.
[[0;32m  OK  [0m] Stopped Regular background program processing daemon.
[[0;32m  OK  [0m] Stopped Accounts Service.
[[0;32m  OK  [0m] Stopped System Logging Service.
[[0;32m  OK  [0m] Stopped OpenBSD Secure Shell server.
[[0;32m  OK  [0m] Stopped Authenticate and Authorize Users to Run Privileged Tasks.
[[0;32m  OK  [0m] Stopped Getty on tty1.
[[0;32m  OK  [0m] Stopped Serial Getty on ttyS0.
[[0;32m  OK  [0m] Stopped User Manager for UID 1000.
[[0;32m  OK  [0m] Stopped Session 1 of user vagrant.
[[0;32m  OK  [0m] Stopped D-Bus System Message Bus.
[[0;32m  OK  [0m] Stopped A high performance web server and a reverse proxy server.
[[0;32m  OK  [0m] Stopped FUSE filesystem for LXC.
[[0;32m  OK  [0m] Stopped LXD - container startup/shutdown.
[[0;32m  OK  [0m] Stopped LSB: Record successful boot for GRUB.
[[0;32m  OK  [0m] Stopped LSB: daemon to balance interrupts for SMP systems.
[[0;32m  OK  [0m] Stopped Virtualbox guest utils.
[[0;32m  OK  [0m] Stopped Unattended Upgrades Shutdown.
[[0;32m  OK  [0m] Stopped LSB: Set the CPU Frequency Scaling governor to "ondemand".
[[0;32m  OK  [0m] Stopped LSB: MD monitoring daemon.
[[0;32m  OK  [0m] Stopped LSB: automatic crash report generation.
[[0;32m  OK  [0m] Removed slice User Slice of vagrant.
         Stopping Login Service...
[[0;32m  OK  [0m] Removed slice system-serial\x2dgetty.slice.
[[0;32m  OK  [0m] Stopped /etc/rc.local Compatibility.
         Stopping Permit User Sessions...
[[0;32m  OK  [0m] Removed slice system-getty.slice.
[[0;32m  OK  [0m] Stopped Permit User Sessions.
[[0;32m  OK  [0m] Stopped target Remote File Systems.
[[0;32m  OK  [0m] Stopped target Remote File Systems (Pre).
         Stopping Login to default iSCSI targets...
[[0;32m  OK  [0m] Stopped Login Service.
[[0;32m  OK  [0m] Stopped target Basic System.
[[0;32m  OK  [0m] Stopped target Slices.
[[0;32m  OK  [0m] Stopped target Sockets.
[[0;32m  OK  [0m] Closed D-Bus System Message Bus Socket.
[[0;32m  OK  [0m] Closed Syslog Socket.
[[0;32m  OK  [0m] Closed Socket activation for snappy daemon.
[[0;32m  OK  [0m] Closed LXD - unix socket.
[[0;32m  OK  [0m] Closed UUID daemon activation socket.
[[0;32m  OK  [0m] Closed ACPID Listen Socket.
[[0;32m  OK  [0m] Stopped target Paths.
[[0;32m  OK  [0m] Stopped ACPI Events Check.
[[0;32m  OK  [0m] Stopped target System Initialization.
[[0;32m  OK  [0m] Stopped target Swap.
[[0;32m  OK  [0m] Stopped target Encrypted Volumes.
         Stopping Update UTMP about System Boot/Shutdown...
         Stopping Load/Save Random Seed...
[[0;32m  OK  [0m] Stopped Dispatch Password Requests to Console Directory Watch.
[[0;32m  OK  [0m] Stopped Forward Password Requests to Wall Directory Watch.
[[0;32m  OK  [0m] Removed slice User and Session Slice.
[[0;32m  OK  [0m] Stopped target User and Group Name Lookups.
[[0;32m  OK  [0m] Stopped Load/Save Random Seed.
[[0;32m  OK  [0m] Stopped Update UTMP about System Boot/Shutdown.
[[0;32m  OK  [0m] Stopped Login to default iSCSI targets.
         Stopping iSCSI initiator daemon (iscsid)...
[[0;32m  OK  [0m] Stopped Create Volatile Files and Directories.
[[0;32m  OK  [0m] Stopped iSCSI initiator daemon (iscsid).
[[0;32m  OK  [0m] Stopped target Network is Online.
[[0;32m  OK  [0m] Stopped target Network.
[[0;32m  OK  [0m] Stopped Initial cloud-init job (metadata service crawler).
         Stopping Raise network interfaces...
[[0;32m  OK  [0m] Stopped Raise network interfaces.
[[0;32m  OK  [0m] Stopped Apply Kernel Variables.
[[0;32m  OK  [0m] Stopped target Network (Pre).
[[0;32m  OK  [0m] Stopped Initial cloud-init job (pre-networking).
[[0;32m  OK  [0m] Stopped target Local File Systems.
         Unmounting /run/user/1000...
[[0;32m  OK  [0m] Stopped Load Kernel Modules.
[[0;32m  OK  [0m] Unmounted /run/user/1000.
[[0;32m  OK  [0m] Reached target Unmount All Filesystems.
[[0;32m  OK  [0m] Stopped target Local File Systems (Pre).
         Stopping Monitoring of LVM2 mirrors... dmeventd or progress polling...
[[0;32m  OK  [0m] Stopped Remount Root and Kernel File Systems.
[[0;32m  OK  [0m] Stopped Create Static Device Nodes in /dev.
[[0;32m  OK  [0m] Reached target Shutdown.
[   38.467031] reboot: Power down
